{
  message: 'Servidor escuchando al puerto 8080.',
  level: 'info',
  timestamp: '2023-07-02T14:32:20.104Z'
}
{
  message: 'Conectado a la base de datos correctamente.',
  level: 'info',
  timestamp: '2023-07-02T14:32:22.293Z'
}
{
  message: 'fatal',
  level: 'fatal',
  timestamp: '2023-07-02T14:32:36.891Z'
}
{
  message: 'error',
  level: 'error',
  timestamp: '2023-07-02T14:32:36.892Z'
}
{
  message: 'warn',
  level: 'warn',
  timestamp: '2023-07-02T14:32:36.893Z'
}
{
  message: 'info',
  level: 'info',
  timestamp: '2023-07-02T14:32:36.893Z'
}
{
  message: 'fatal',
  level: 'fatal',
  timestamp: '2023-07-02T14:32:46.074Z'
}
{
  message: 'error',
  level: 'error',
  timestamp: '2023-07-02T14:32:46.074Z'
}
{
  message: 'warn',
  level: 'warn',
  timestamp: '2023-07-02T14:32:46.075Z'
}
{
  message: 'info',
  level: 'info',
  timestamp: '2023-07-02T14:32:46.075Z'
}
{
  message: 'fatal',
  level: 'fatal',
  timestamp: '2023-07-02T14:33:53.360Z'
}
{
  message: 'error',
  level: 'error',
  timestamp: '2023-07-02T14:33:53.360Z'
}
{
  message: 'warn',
  level: 'warn',
  timestamp: '2023-07-02T14:33:53.361Z'
}
{
  message: 'info',
  level: 'info',
  timestamp: '2023-07-02T14:33:53.361Z'
}
{
  message: 'fatal',
  level: 'fatal',
  timestamp: '2023-07-02T14:33:57.814Z'
}
{
  message: 'error',
  level: 'error',
  timestamp: '2023-07-02T14:33:57.815Z'
}
{
  message: 'warn',
  level: 'warn',
  timestamp: '2023-07-02T14:33:57.815Z'
}
{
  message: 'info',
  level: 'info',
  timestamp: '2023-07-02T14:33:57.816Z'
}
{
  message: 'Servidor escuchando al puerto 8080.',
  level: 'info',
  timestamp: '2023-07-02T14:41:49.253Z'
}
{
  message: 'Servidor escuchando al puerto 8080.',
  level: 'info',
  timestamp: '2023-07-02T14:41:56.460Z'
}
{
  message: 'Conectado a la base de datos correctamente.',
  level: 'info',
  timestamp: '2023-07-02T14:41:58.440Z'
}
{
  message: 'Servidor escuchando al puerto 8080.',
  level: 'info',
  timestamp: '2023-07-02T14:42:35.154Z'
}
{
  message: 'Conectado a la base de datos correctamente.',
  level: 'info',
  timestamp: '2023-07-02T14:42:37.085Z'
}
{
  message: 'Servidor escuchando al puerto 8080.',
  level: 'info',
  timestamp: '2023-07-02T14:45:58.179Z'
}
{
  message: 'Conectado a la base de datos correctamente.',
  level: 'info',
  timestamp: '2023-07-02T14:46:00.096Z'
}
{
  message: 'Servidor escuchando al puerto 8080.',
  level: 'info',
  timestamp: '2023-07-02T14:48:04.945Z'
}
{
  message: 'Connected to the database successfully.',
  level: 'info',
  timestamp: '2023-07-02T14:48:07.116Z'
}
{
  message: 'Servidor escuchando al puerto 8080.',
  level: 'info',
  timestamp: '2023-07-02T14:48:16.014Z'
}
{
  message: 'Connected to the database successfully.',
  level: 'info',
  timestamp: '2023-07-02T14:48:17.951Z'
}
{
  message: 'Server listening to port 8080.',
  level: 'info',
  timestamp: '2023-07-02T14:48:48.471Z'
}
{
  message: 'Connected to the database successfully.',
  level: 'info',
  timestamp: '2023-07-02T14:48:50.552Z'
}
{
  message: 'Server listening to port 8080.',
  level: 'info',
  timestamp: '2023-07-02T14:49:10.688Z'
}
{
  message: 'Connected to the database successfully.',
  level: 'info',
  timestamp: '2023-07-02T14:49:12.614Z'
}
{
  message: 'Server listening to port 8080.',
  level: 'info',
  timestamp: '2023-07-02T14:49:27.364Z'
}
{
  message: 'Server listening to port 8080.',
  level: 'info',
  timestamp: '2023-07-02T14:49:47.232Z'
}
{
  message: 'Connected to the database successfully.',
  level: 'info',
  timestamp: '2023-07-02T14:49:49.059Z'
}
